Generated at 2012-06-11 15:31:03 +0000
Chef::Exceptions::Exec: package[git-core] (main::default line 1) had an error: Chef::Exceptions::Exec: apt-get -q -y install git-core=1:1.7.9.5-1 returned 100, expected 0
/usr/local/lib/ruby/gems/1.9.1/gems/chef-0.10.10/lib/chef/mixin/command.rb:128:in `handle_command_failures'
/usr/local/lib/ruby/gems/1.9.1/gems/chef-0.10.10/lib/chef/mixin/command.rb:75:in `run_command'
/usr/local/lib/ruby/gems/1.9.1/gems/chef-0.10.10/lib/chef/mixin/command.rb:143:in `run_command_with_systems_locale'
/usr/local/lib/ruby/gems/1.9.1/gems/chef-0.10.10/lib/chef/provider/package/apt.rb:94:in `install_package'
/usr/local/lib/ruby/gems/1.9.1/gems/chef-0.10.10/lib/chef/provider/package.rb:59:in `action_install'
/usr/local/lib/ruby/gems/1.9.1/gems/chef-0.10.10/lib/chef/resource.rb:454:in `run_action'
/usr/local/lib/ruby/gems/1.9.1/gems/chef-0.10.10/lib/chef/runner.rb:49:in `run_action'
/usr/local/lib/ruby/gems/1.9.1/gems/chef-0.10.10/lib/chef/runner.rb:85:in `block (2 levels) in converge'
/usr/local/lib/ruby/gems/1.9.1/gems/chef-0.10.10/lib/chef/runner.rb:85:in `each'
/usr/local/lib/ruby/gems/1.9.1/gems/chef-0.10.10/lib/chef/runner.rb:85:in `block in converge'
/usr/local/lib/ruby/gems/1.9.1/gems/chef-0.10.10/lib/chef/resource_collection.rb:94:in `block in execute_each_resource'
/usr/local/lib/ruby/gems/1.9.1/gems/chef-0.10.10/lib/chef/resource_collection/stepable_iterator.rb:116:in `call'
/usr/local/lib/ruby/gems/1.9.1/gems/chef-0.10.10/lib/chef/resource_collection/stepable_iterator.rb:116:in `call_iterator_block'
/usr/local/lib/ruby/gems/1.9.1/gems/chef-0.10.10/lib/chef/resource_collection/stepable_iterator.rb:85:in `step'
/usr/local/lib/ruby/gems/1.9.1/gems/chef-0.10.10/lib/chef/resource_collection/stepable_iterator.rb:104:in `iterate'
/usr/local/lib/ruby/gems/1.9.1/gems/chef-0.10.10/lib/chef/resource_collection/stepable_iterator.rb:55:in `each_with_index'
/usr/local/lib/ruby/gems/1.9.1/gems/chef-0.10.10/lib/chef/resource_collection.rb:92:in `execute_each_resource'
/usr/local/lib/ruby/gems/1.9.1/gems/chef-0.10.10/lib/chef/runner.rb:80:in `converge'
/usr/local/lib/ruby/gems/1.9.1/gems/chef-0.10.10/lib/chef/client.rb:330:in `converge'
/usr/local/lib/ruby/gems/1.9.1/gems/chef-0.10.10/lib/chef/client.rb:163:in `run'
/usr/local/lib/ruby/gems/1.9.1/gems/chef-0.10.10/lib/chef/application/solo.rb:207:in `block in run_application'
/usr/local/lib/ruby/gems/1.9.1/gems/chef-0.10.10/lib/chef/application/solo.rb:195:in `loop'
/usr/local/lib/ruby/gems/1.9.1/gems/chef-0.10.10/lib/chef/application/solo.rb:195:in `run_application'
/usr/local/lib/ruby/gems/1.9.1/gems/chef-0.10.10/lib/chef/application.rb:70:in `run'
/usr/local/lib/ruby/gems/1.9.1/gems/chef-0.10.10/bin/chef-solo:25:in `<top (required)>'
/usr/local/bin/chef-solo:19:in `load'
/usr/local/bin/chef-solo:19:in `<main>'